Build started 27.12.2014 9:30:43.
     1>Project "C:\Users\Medina\workspace\ultra-easy\ConsoleApplication1\trials\trials.vcxproj" on node 2 (Build target(s)).
     1>Link:
         C:\Program Files\VC\bin\link.exe /ERRORREPORT:PROMPT /OUT:"C:\Users\Medina\workspace\ultra-easy\ConsoleApplication1\Debug\trials.exe" /INCREMENTAL /NOLOGO kernel32.lib user32.lib gdi32.lib winspool.lib comdlg32.lib advapi32.lib shell32.lib ole32.lib oleaut32.lib uuid.lib odbc32.lib odbccp32.lib /MANIFEST /MANIFESTUAC:"level='asInvoker' uiAccess='false'" /manifest:embed /DEBUG /PDB:"C:\Users\Medina\workspace\ultra-easy\ConsoleApplication1\Debug\trials.pdb" /SUBSYSTEM:CONSOLE /TLBID:1 /DYNAMICBASE /NXCOMPAT /IMPLIB:"C:\Users\Medina\workspace\ultra-easy\ConsoleApplication1\Debug\trials.lib" /MACHINE:X86 Debug\Source.obj
     1>MSVCRTD.lib(crtexe.obj) : error LNK2019: unresolved external symbol _main referenced in function ___tmainCRTStartup
     1>C:\Users\Medina\workspace\ultra-easy\ConsoleApplication1\Debug\trials.exe : fatal error LNK1120: 1 unresolved externals
     1>Done Building Project "C:\Users\Medina\workspace\ultra-easy\ConsoleApplication1\trials\trials.vcxproj" (Build target(s)) -- FAILED.

Build FAILED.

Time Elapsed 00:00:00.69
